TN:
SF:expo-env.d.ts
FNF:0
FNH:0
LF:0
LH:0
BRF:0
BRH:0
end_of_record
TN:
SF:.expo\types\router.d.ts
FNF:0
FNH:0
LF:0
LH:0
BRF:0
BRH:0
end_of_record
TN:
SF:app\+html.tsx
FN:8,Root
FNF:1
FNH:0
FNDA:0,Root
DA:9,0
DA:31,0
LF:2
LH:0
BRF:0
BRH:0
end_of_record
TN:
SF:app\+not-found.tsx
FN:6,NotFoundScreen
FNF:1
FNH:0
FNDA:0,NotFoundScreen
DA:7,0
DA:20,0
LF:2
LH:0
BRF:0
BRH:0
end_of_record
TN:
SF:app\_layout.tsx
FN:27,(anonymous_0)
FN:31,(anonymous_1)
FN:34,(anonymous_2)
FN:37,(anonymous_3)
FN:40,(anonymous_4)
FN:43,(anonymous_5)
FN:46,(anonymous_6)
FN:49,(anonymous_7)
FN:56,Layout
FN:61,(anonymous_9)
FNF:10
FNH:0
FNDA:0,(anonymous_0)
FNDA:0,(anonymous_1)
FNDA:0,(anonymous_2)
FNDA:0,(anonymous_3)
FNDA:0,(anonymous_4)
FNDA:0,(anonymous_5)
FNDA:0,(anonymous_6)
FNDA:0,(anonymous_7)
FNDA:0,Layout
FNDA:0,(anonymous_9)
DA:25,0
DA:27,0
DA:28,0
DA:31,0
DA:34,0
DA:37,0
DA:40,0
DA:43,0
DA:46,0
DA:49,0
DA:57,0
DA:61,0
LF:12
LH:0
BRF:0
BRH:0
end_of_record
TN:
SF:app\accountSetting.tsx
FN:20,AccountSetting
FN:31,(anonymous_1)
FN:84,(anonymous_2)
FN:88,(anonymous_3)
FN:104,(anonymous_4)
FN:113,(anonymous_5)
FN:172,(anonymous_6)
FN:187,(anonymous_7)
FN:195,(anonymous_8)
FN:204,(anonymous_9)
FN:211,(anonymous_10)
FN:223,(anonymous_11)
FN:252,(anonymous_12)
FN:267,(anonymous_13)
FNF:14
FNH:0
FNDA:0,AccountSetting
FNDA:0,(anonymous_1)
FNDA:0,(anonymous_2)
FNDA:0,(anonymous_3)
FNDA:0,(anonymous_4)
FNDA:0,(anonymous_5)
FNDA:0,(anonymous_6)
FNDA:0,(anonymous_7)
FNDA:0,(anonymous_8)
FNDA:0,(anonymous_9)
FNDA:0,(anonymous_10)
FNDA:0,(anonymous_11)
FNDA:0,(anonymous_12)
FNDA:0,(anonymous_13)
DA:21,0
DA:22,0
DA:24,0
DA:25,0
DA:27,0
DA:28,0
DA:29,0
DA:31,0
DA:32,0
DA:34,0
DA:35,0
DA:36,0
DA:37,0
DA:40,0
DA:41,0
DA:42,0
DA:43,0
DA:44,0
DA:45,0
DA:49,0
DA:50,0
DA:51,0
DA:52,0
DA:58,0
DA:61,0
DA:62,0
DA:63,0
DA:65,0
DA:72,0
DA:73,0
DA:75,0
DA:76,0
DA:77,0
DA:80,0
DA:84,0
DA:85,0
DA:88,0
DA:89,0
DA:90,0
DA:91,0
DA:92,0
DA:94,0
DA:100,0
DA:104,0
DA:105,0
DA:106,0
DA:107,0
DA:109,0
DA:113,0
DA:114,0
DA:115,0
DA:121,0
DA:124,0
DA:125,0
DA:126,0
DA:127,0
DA:128,0
DA:132,0
DA:133,0
DA:139,0
DA:143,0
DA:144,0
DA:145,0
DA:150,0
DA:151,0
DA:152,0
DA:153,0
DA:154,0
DA:156,0
DA:164,0
DA:165,0
DA:166,0
DA:167,0
DA:171,0
DA:173,0
DA:177,0
DA:187,0
DA:195,0
DA:204,0
DA:211,0
DA:223,0
DA:252,0
DA:268,0
DA:269,0
DA:277,0
LF:85
LH:0
BRDA:35,0,0,0
BRDA:35,0,1,0
BRDA:40,1,0,0
BRDA:40,1,1,0
BRDA:42,2,0,0
BRDA:42,2,1,0
BRDA:42,3,0,0
BRDA:42,3,1,0
BRDA:42,3,2,0
BRDA:50,4,0,0
BRDA:50,4,1,0
BRDA:50,5,0,0
BRDA:50,5,1,0
BRDA:72,6,0,0
BRDA:72,6,1,0
BRDA:95,7,0,0
BRDA:95,7,1,0
BRDA:96,8,0,0
BRDA:96,8,1,0
BRDA:97,9,0,0
BRDA:97,9,1,0
BRDA:114,10,0,0
BRDA:114,10,1,0
BRDA:124,11,0,0
BRDA:124,11,1,0
BRDA:124,12,0,0
BRDA:124,12,1,0
BRDA:127,13,0,0
BRDA:127,13,1,0
BRDA:132,14,0,0
BRDA:132,14,1,0
BRDA:150,15,0,0
BRDA:150,15,1,0
BRDA:158,16,0,0
BRDA:158,16,1,0
BRDA:166,17,0,0
BRDA:166,17,1,0
BRDA:194,18,0,0
BRDA:194,18,1,0
BRDA:203,19,0,0
BRDA:203,19,1,0
BRF:41
BRH:0
end_of_record
TN:
SF:app\addCalendarEvents.tsx
FN:5,AddCalendarEvents
FNF:1
FNH:0
FNDA:0,AddCalendarEvents
DA:6,0
DA:14,0
LF:2
LH:0
BRF:0
BRH:0
end_of_record
TN:
SF:app\addFinanceEvents.tsx
FN:5,AddFinanceEvents
FNF:1
FNH:0
FNDA:0,AddFinanceEvents
DA:6,0
DA:14,0
LF:2
LH:0
BRF:0
BRH:0
end_of_record
TN:
SF:app\addHealthEvents.tsx
FN:5,AddHealthEvents
FNF:1
FNH:0
FNDA:0,AddHealthEvents
DA:6,0
DA:13,0
LF:2
LH:0
BRF:0
BRH:0
end_of_record
TN:
SF:app\addMeals.tsx
FN:5,AddMeals
FNF:1
FNH:0
FNDA:0,AddMeals
DA:6,0
DA:12,0
LF:2
LH:0
BRF:0
BRH:0
end_of_record
TN:
SF:app\alert.tsx
FN:15,(anonymous_0)
FN:16,(anonymous_1)
FNF:2
FNH:1
FNDA:14,(anonymous_0)
FNDA:0,(anonymous_1)
DA:15,1
DA:16,14
DA:17,0
DA:18,0
DA:20,14
DA:21,14
DA:56,1
LF:7
LH:5
BRDA:15,0,0,0
BRDA:33,1,0,14
BRDA:33,1,1,14
BRDA:41,2,0,14
BRDA:41,2,1,0
BRF:5
BRH:3
end_of_record
TN:
SF:app\genericAddViewEventPage.tsx
FN:31,(anonymous_0)
FN:66,(anonymous_1)
FN:94,(anonymous_2)
FN:101,(anonymous_3)
FN:109,(anonymous_4)
FN:118,(anonymous_5)
FN:123,(anonymous_6)
FN:124,(anonymous_7)
FN:132,(anonymous_8)
FN:138,(anonymous_9)
FN:146,(anonymous_10)
FN:161,(anonymous_11)
FN:165,(anonymous_12)
FN:175,(anonymous_13)
FN:182,(anonymous_14)
FN:192,(anonymous_15)
FN:206,(anonymous_16)
FN:223,(anonymous_17)
FN:228,(anonymous_18)
FN:243,(anonymous_19)
FN:259,(anonymous_20)
FN:275,(anonymous_21)
FN:285,(anonymous_22)
FN:296,(anonymous_23)
FN:314,(anonymous_24)
FN:330,(anonymous_25)
FN:341,(anonymous_26)
FN:349,(anonymous_27)
FN:351,(anonymous_28)
FN:364,(anonymous_29)
FNF:30
FNH:0
FNDA:0,(anonymous_0)
FNDA:0,(anonymous_1)
FNDA:0,(anonymous_2)
FNDA:0,(anonymous_3)
FNDA:0,(anonymous_4)
FNDA:0,(anonymous_5)
FNDA:0,(anonymous_6)
FNDA:0,(anonymous_7)
FNDA:0,(anonymous_8)
FNDA:0,(anonymous_9)
FNDA:0,(anonymous_10)
FNDA:0,(anonymous_11)
FNDA:0,(anonymous_12)
FNDA:0,(anonymous_13)
FNDA:0,(anonymous_14)
FNDA:0,(anonymous_15)
FNDA:0,(anonymous_16)
FNDA:0,(anonymous_17)
FNDA:0,(anonymous_18)
FNDA:0,(anonymous_19)
FNDA:0,(anonymous_20)
FNDA:0,(anonymous_21)
FNDA:0,(anonymous_22)
FNDA:0,(anonymous_23)
FNDA:0,(anonymous_24)
FNDA:0,(anonymous_25)
FNDA:0,(anonymous_26)
FNDA:0,(anonymous_27)
FNDA:0,(anonymous_28)
FNDA:0,(anonymous_29)
DA:31,0
DA:42,0
DA:43,0
DA:44,0
DA:45,0
DA:47,0
DA:49,0
DA:50,0
DA:51,0
DA:52,0
DA:53,0
DA:54,0
DA:55,0
DA:56,0
DA:63,0
DA:64,0
DA:66,0
DA:67,0
DA:77,0
DA:78,0
DA:79,0
DA:80,0
DA:81,0
DA:87,0
DA:88,0
DA:90,0
DA:94,0
DA:95,0
DA:96,0
DA:97,0
DA:101,0
DA:102,0
DA:103,0
DA:104,0
DA:105,0
DA:109,0
DA:110,0
DA:111,0
DA:112,0
DA:114,0
DA:118,0
DA:119,0
DA:122,0
DA:124,0
DA:125,0
DA:126,0
DA:127,0
DA:128,0
DA:129,0
DA:131,0
DA:132,0
DA:138,0
DA:139,0
DA:141,0
DA:143,0
DA:146,0
DA:147,0
DA:151,0
DA:152,0
DA:156,0
DA:158,0
DA:161,0
DA:162,0
DA:165,0
DA:166,0
DA:167,0
DA:168,0
DA:169,0
DA:171,0
DA:175,0
DA:176,0
DA:178,0
DA:182,0
DA:188,0
DA:192,0
DA:207,0
DA:214,0
DA:224,0
DA:229,0
DA:239,0
DA:243,0
DA:260,0
DA:267,0
DA:275,0
DA:281,0
DA:285,0
DA:292,0
DA:296,0
DA:303,0
DA:307,0
DA:315,0
DA:331,0
DA:342,0
DA:350,0
DA:351,0
DA:352,0
DA:365,0
DA:366,0
DA:375,0
LF:99
LH:0
BRDA:33,0,0,0
BRDA:39,1,0,0
BRDA:52,2,0,0
BRDA:52,2,1,0
BRDA:54,3,0,0
BRDA:54,3,1,0
BRDA:58,4,0,0
BRDA:58,4,1,0
BRDA:59,5,0,0
BRDA:59,5,1,0
BRDA:72,6,0,0
BRDA:72,6,1,0
BRDA:95,7,0,0
BRDA:95,7,1,0
BRDA:102,8,0,0
BRDA:102,8,1,0
BRDA:104,9,0,0
BRDA:104,9,1,0
BRDA:111,10,0,0
BRDA:111,10,1,0
BRDA:125,11,0,0
BRDA:125,11,1,0
BRDA:133,12,0,0
BRDA:133,12,1,0
BRDA:134,13,0,0
BRDA:134,13,1,0
BRDA:151,14,0,0
BRDA:151,14,1,0
BRDA:151,15,0,0
BRDA:151,15,1,0
BRDA:176,16,0,0
BRDA:176,16,1,0
BRDA:176,16,2,0
BRDA:176,16,3,0
BRDA:176,16,4,0
BRDA:176,16,5,0
BRDA:176,16,6,0
BRDA:176,16,7,0
BRDA:184,17,0,0
BRDA:184,17,1,0
BRDA:195,18,0,0
BRDA:195,18,1,0
BRDA:199,19,0,0
BRDA:199,19,1,0
BRDA:202,20,0,0
BRDA:202,20,1,0
BRDA:202,21,0,0
BRDA:202,21,1,0
BRDA:220,22,0,0
BRDA:220,22,1,0
BRDA:222,23,0,0
BRDA:222,23,1,0
BRDA:246,24,0,0
BRDA:246,24,1,0
BRDA:251,25,0,0
BRDA:251,25,1,0
BRDA:255,26,0,0
BRDA:255,26,1,0
BRDA:255,27,0,0
BRDA:255,27,1,0
BRDA:288,28,0,0
BRDA:288,28,1,0
BRDA:299,29,0,0
BRDA:299,29,1,0
BRDA:311,30,0,0
BRDA:311,30,1,0
BRDA:311,30,2,0
BRDA:346,31,0,0
BRDA:346,31,1,0
BRDA:349,32,0,0
BRDA:349,32,1,0
BRF:71
BRH:0
end_of_record
TN:
SF:app\genericMainPage.tsx
FN:35,(anonymous_0)
FN:42,(anonymous_1)
FN:43,(anonymous_2)
FN:48,(anonymous_3)
FN:57,(anonymous_4)
FN:61,(anonymous_5)
FN:73,(anonymous_6)
FN:94,(anonymous_7)
FN:95,(anonymous_8)
FN:104,(anonymous_9)
FN:113,(anonymous_10)
FN:128,(anonymous_11)
FN:151,(anonymous_12)
FN:152,(anonymous_13)
FN:162,(anonymous_14)
FN:184,(anonymous_15)
FN:203,(anonymous_16)
FN:214,(anonymous_17)
FNF:18
FNH:0
FNDA:0,(anonymous_0)
FNDA:0,(anonymous_1)
FNDA:0,(anonymous_2)
FNDA:0,(anonymous_3)
FNDA:0,(anonymous_4)
FNDA:0,(anonymous_5)
FNDA:0,(anonymous_6)
FNDA:0,(anonymous_7)
FNDA:0,(anonymous_8)
FNDA:0,(anonymous_9)
FNDA:0,(anonymous_10)
FNDA:0,(anonymous_11)
FNDA:0,(anonymous_12)
FNDA:0,(anonymous_13)
FNDA:0,(anonymous_14)
FNDA:0,(anonymous_15)
FNDA:0,(anonymous_16)
FNDA:0,(anonymous_17)
DA:35,0
DA:42,0
DA:43,0
DA:50,0
DA:51,0
DA:52,0
DA:53,0
DA:55,0
DA:57,0
DA:58,0
DA:61,0
DA:62,0
DA:63,0
DA:64,0
DA:65,0
DA:69,0
DA:70,0
DA:73,0
DA:74,0
DA:75,0
DA:76,0
DA:77,0
DA:78,0
DA:80,0
DA:81,0
DA:83,0
DA:84,0
DA:85,0
DA:87,0
DA:90,0
DA:91,0
DA:94,0
DA:95,0
DA:105,0
DA:106,0
DA:107,0
DA:113,0
DA:114,0
DA:115,0
DA:116,0
DA:117,0
DA:118,0
DA:120,0
DA:121,0
DA:122,0
DA:123,0
DA:125,0
DA:126,0
DA:127,0
DA:128,0
DA:137,0
DA:139,0
DA:140,0
DA:143,0
DA:144,0
DA:146,0
DA:150,0
DA:152,0
DA:153,0
DA:157,0
DA:158,0
DA:162,0
DA:163,0
DA:166,0
DA:167,0
DA:171,0
DA:184,0
DA:203,0
DA:214,0
DA:255,0
LF:70
LH:0
BRDA:37,0,0,0
BRDA:41,1,0,0
BRDA:42,2,0,0
BRDA:43,3,0,0
BRDA:46,4,0,0
BRDA:47,5,0,0
BRDA:48,6,0,0
BRDA:64,7,0,0
BRDA:64,7,1,0
BRDA:76,8,0,0
BRDA:76,8,1,0
BRDA:83,9,0,0
BRDA:83,9,1,0
BRDA:83,10,0,0
BRDA:83,10,1,0
BRDA:87,11,0,0
BRDA:87,11,1,0
BRDA:120,12,0,0
BRDA:120,12,1,0
BRDA:120,13,0,0
BRDA:120,13,1,0
BRDA:122,14,0,0
BRDA:122,14,1,0
BRDA:125,15,0,0
BRDA:125,15,1,0
BRDA:157,16,0,0
BRDA:157,16,1,0
BRDA:157,17,0,0
BRDA:157,17,1,0
BRDA:181,18,0,0
BRDA:181,18,1,0
BRDA:196,19,0,0
BRDA:196,19,1,0
BRDA:198,20,0,0
BRDA:198,20,1,0
BRDA:217,21,0,0
BRDA:217,21,1,0
BRDA:226,22,0,0
BRDA:226,22,1,0
BRDA:244,23,0,0
BRDA:244,23,1,0
BRDA:244,23,2,0
BRF:42
BRH:0
end_of_record
TN:
SF:app\googleSignInButton.tsx
FN:11,GoogleSignInButton
FNF:1
FNH:1
FNDA:14,GoogleSignInButton
DA:12,14
DA:43,1
DA:48,1
LF:3
LH:3
BRDA:37,0,0,10
BRDA:37,0,1,4
BRF:2
BRH:2
end_of_record
TN:
SF:app\index.tsx
FN:18,AuthScreen
FN:34,(anonymous_1)
FN:51,(anonymous_2)
FN:73,(anonymous_3)
FN:80,(anonymous_4)
FN:137,(anonymous_5)
FN:168,(anonymous_6)
FN:189,(anonymous_7)
FN:207,(anonymous_8)
FN:217,(anonymous_9)
FN:234,(anonymous_10)
FN:282,(anonymous_11)
FNF:12
FNH:8
FNDA:14,AuthScreen
FNDA:4,(anonymous_1)
FNDA:2,(anonymous_2)
FNDA:4,(anonymous_3)
FNDA:2,(anonymous_4)
FNDA:0,(anonymous_5)
FNDA:0,(anonymous_6)
FNDA:4,(anonymous_7)
FNDA:0,(anonymous_8)
FNDA:2,(anonymous_9)
FNDA:2,(anonymous_10)
FNDA:0,(anonymous_11)
DA:16,1
DA:20,14
DA:22,14
DA:23,14
DA:24,14
DA:25,14
DA:27,14
DA:34,14
DA:35,4
DA:37,4
DA:38,0
DA:39,0
DA:40,0
DA:41,0
DA:43,4
DA:44,0
DA:45,0
DA:48,4
DA:51,14
DA:52,2
DA:54,2
DA:55,1
DA:57,2
DA:58,0
DA:60,2
DA:61,1
DA:63,2
DA:64,1
DA:66,2
DA:67,1
DA:70,2
DA:73,14
DA:74,4
DA:75,4
DA:76,2
DA:80,14
DA:81,2
DA:82,2
DA:83,2
DA:84,0
DA:85,0
DA:86,0
DA:87,0
DA:88,0
DA:92,2
DA:93,2
DA:95,2
DA:96,0
DA:98,2
DA:99,1
DA:101,2
DA:102,1
DA:104,2
DA:105,1
DA:107,2
DA:108,0
DA:110,2
DA:111,1
DA:113,1
DA:114,1
DA:116,1
DA:125,1
DA:126,1
DA:128,0
DA:129,0
DA:132,1
DA:133,1
DA:137,14
DA:138,0
DA:139,0
DA:142,0
DA:146,0
DA:147,0
DA:149,0
DA:151,0
DA:153,0
DA:154,0
DA:156,0
DA:157,0
DA:159,0
DA:160,0
DA:163,0
DA:164,0
DA:168,14
DA:169,0
DA:170,0
DA:171,0
DA:174,0
DA:175,0
DA:177,0
DA:178,0
DA:179,0
DA:181,0
DA:182,0
DA:185,0
DA:189,14
DA:190,4
DA:191,4
DA:193,4
DA:194,4
DA:195,0
DA:196,0
DA:200,14
DA:208,0
DA:209,0
DA:217,2
DA:234,2
DA:283,0
DA:284,0
LF:109
LH:61
BRDA:37,0,0,0
BRDA:37,0,1,4
BRDA:37,1,0,4
BRDA:37,1,1,0
BRDA:40,2,0,0
BRDA:40,2,1,0
BRDA:43,3,0,0
BRDA:43,3,1,4
BRDA:54,4,0,1
BRDA:54,4,1,1
BRDA:57,5,0,0
BRDA:57,5,1,2
BRDA:60,6,0,1
BRDA:60,6,1,1
BRDA:63,7,0,1
BRDA:63,7,1,1
BRDA:66,8,0,1
BRDA:66,8,1,1
BRDA:75,9,0,2
BRDA:75,9,1,2
BRDA:81,10,0,2
BRDA:81,10,1,0
BRDA:83,11,0,0
BRDA:83,11,1,2
BRDA:85,12,0,0
BRDA:85,12,1,0
BRDA:95,13,0,0
BRDA:95,13,1,2
BRDA:98,14,0,1
BRDA:98,14,1,1
BRDA:101,15,0,1
BRDA:101,15,1,1
BRDA:104,16,0,1
BRDA:104,16,1,1
BRDA:107,17,0,0
BRDA:107,17,1,2
BRDA:113,18,0,1
BRDA:113,18,1,0
BRDA:132,19,0,1
BRDA:132,19,1,0
BRDA:153,20,0,0
BRDA:153,20,1,0
BRDA:169,21,0,0
BRDA:169,21,1,0
BRDA:177,22,0,0
BRDA:177,22,1,0
BRDA:177,23,0,0
BRDA:177,23,1,0
BRDA:181,24,0,0
BRDA:181,24,1,0
BRDA:194,25,0,0
BRDA:194,25,1,4
BRDA:194,26,0,4
BRDA:194,26,1,0
BRDA:206,27,0,14
BRDA:206,27,1,10
BRDA:213,28,0,14
BRDA:213,28,1,10
BRDA:216,29,0,14
BRDA:216,29,1,4
BRDA:220,30,0,14
BRDA:220,30,1,4
BRDA:247,31,0,14
BRDA:247,31,1,4
BRDA:252,32,0,1
BRDA:252,32,1,3
BRDA:255,33,0,0
BRDA:255,33,1,4
BRDA:258,34,0,1
BRDA:258,34,1,3
BRDA:261,35,0,1
BRDA:261,35,1,3
BRDA:264,36,0,1
BRDA:264,36,1,3
BRDA:272,37,0,10
BRDA:272,37,1,4
BRF:76
BRH:49
end_of_record
TN:
SF:app\mainCalendarEvents.tsx
FN:22,CalendarTracker
FN:25,(anonymous_1)
FN:50,(anonymous_2)
FN:73,(anonymous_3)
FN:101,(anonymous_4)
FN:102,(anonymous_5)
FN:112,(anonymous_6)
FNF:7
FNH:0
FNDA:0,CalendarTracker
FNDA:0,(anonymous_1)
FNDA:0,(anonymous_2)
FNDA:0,(anonymous_3)
FNDA:0,(anonymous_4)
FNDA:0,(anonymous_5)
FNDA:0,(anonymous_6)
DA:12,0
DA:13,0
DA:14,0
DA:15,0
DA:16,0
DA:18,0
DA:20,0
DA:23,0
DA:25,0
DA:26,0
DA:27,0
DA:28,0
DA:29,0
DA:30,0
DA:31,0
DA:32,0
DA:33,0
DA:34,0
DA:35,0
DA:36,0
DA:38,0
DA:39,0
DA:42,0
DA:43,0
DA:46,0
DA:50,0
DA:51,0
DA:52,0
DA:53,0
DA:54,0
DA:55,0
DA:56,0
DA:57,0
DA:58,0
DA:59,0
DA:60,0
DA:61,0
DA:62,0
DA:64,0
DA:65,0
DA:68,0
DA:69,0
DA:73,0
DA:74,0
DA:75,0
DA:76,0
DA:77,0
DA:78,0
DA:79,0
DA:80,0
DA:81,0
DA:83,0
DA:84,0
DA:87,0
DA:88,0
DA:92,0
DA:101,0
DA:102,0
DA:113,0
DA:114,0
LF:60
LH:0
BRDA:12,0,0,0
BRDA:12,0,1,0
BRDA:13,1,0,0
BRDA:13,1,1,0
BRDA:14,2,0,0
BRDA:14,2,1,0
BRDA:31,3,0,0
BRDA:31,3,1,0
BRDA:31,4,0,0
BRDA:31,4,1,0
BRDA:33,5,0,0
BRDA:33,5,1,0
BRDA:34,6,0,0
BRDA:34,6,1,0
BRDA:60,7,0,0
BRDA:60,7,1,0
BRDA:78,8,0,0
BRDA:78,8,1,0
BRDA:78,9,0,0
BRDA:78,9,1,0
BRF:20
BRH:0
end_of_record
TN:
SF:app\mainFinanceTracker.tsx
FN:4,FinanceTracker
FN:11,(anonymous_1)
FNF:2
FNH:0
FNDA:0,FinanceTracker
FNDA:0,(anonymous_1)
DA:5,0
DA:11,0
LF:2
LH:0
BRF:0
BRH:0
end_of_record
TN:
SF:app\mainHealthTracker.tsx
FN:4,HealthTracker
FN:11,(anonymous_1)
FNF:2
FNH:0
FNDA:0,HealthTracker
FNDA:0,(anonymous_1)
DA:5,0
DA:11,0
LF:2
LH:0
BRF:0
BRH:0
end_of_record
TN:
SF:app\mainMealTracker.tsx
FN:4,MealTracker
FN:12,(anonymous_1)
FNF:2
FNH:0
FNDA:0,MealTracker
FNDA:0,(anonymous_1)
DA:5,0
DA:12,0
LF:2
LH:0
BRF:0
BRH:0
end_of_record
TN:
SF:app\mainPage.tsx
FN:8,TaskScreen
FN:12,(anonymous_1)
FN:13,(anonymous_2)
FN:21,(anonymous_3)
FN:37,(anonymous_4)
FN:38,(anonymous_5)
FNF:6
FNH:0
FNDA:0,TaskScreen
FNDA:0,(anonymous_1)
FNDA:0,(anonymous_2)
FNDA:0,(anonymous_3)
FNDA:0,(anonymous_4)
FNDA:0,(anonymous_5)
DA:9,0
DA:11,0
DA:13,0
DA:14,0
DA:15,0
DA:16,0
DA:18,0
DA:21,0
DA:22,0
DA:23,0
DA:25,0
DA:26,0
DA:30,0
DA:37,0
DA:38,0
LF:15
LH:0
BRDA:15,0,0,0
BRDA:15,0,1,0
BRDA:15,1,0,0
BRDA:15,1,1,0
BRDA:33,2,0,0
BRDA:33,2,1,0
BRDA:33,3,0,0
BRDA:33,3,1,0
BRF:8
BRH:0
end_of_record
TN:
SF:app\notes.tsx
FN:10,Notes
FN:14,(anonymous_1)
FN:31,(anonymous_2)
FN:35,(anonymous_3)
FN:42,(anonymous_4)
FN:53,(anonymous_5)
FN:65,(anonymous_6)
FNF:7
FNH:0
FNDA:0,Notes
FNDA:0,(anonymous_1)
FNDA:0,(anonymous_2)
FNDA:0,(anonymous_3)
FNDA:0,(anonymous_4)
FNDA:0,(anonymous_5)
FNDA:0,(anonymous_6)
DA:11,0
DA:12,0
DA:14,0
DA:15,0
DA:16,0
DA:17,0
DA:18,0
DA:19,0
DA:24,0
DA:25,0
DA:27,0
DA:31,0
DA:32,0
DA:35,0
DA:36,0
DA:37,0
DA:38,0
DA:39,0
DA:41,0
DA:42,0
DA:46,0
DA:48,0
DA:52,0
DA:54,0
DA:58,0
DA:65,0
LF:26
LH:0
BRDA:46,0,0,0
BRDA:46,0,1,0
BRF:2
BRH:0
end_of_record
TN:
SF:app\viewCalendarEvents.tsx
FN:5,ViewCalendarEvents
FNF:1
FNH:0
FNDA:0,ViewCalendarEvents
DA:6,0
LF:1
LH:0
BRF:0
BRH:0
end_of_record
TN:
SF:app\viewFinanceEvents.tsx
FN:5,ViewFinanceEvents
FNF:1
FNH:0
FNDA:0,ViewFinanceEvents
DA:6,0
LF:1
LH:0
BRF:0
BRH:0
end_of_record
TN:
SF:app\viewHealthEvents.tsx
FN:5,ViewHealthEvents
FNF:1
FNH:0
FNDA:0,ViewHealthEvents
DA:6,0
LF:1
LH:0
BRF:0
BRH:0
end_of_record
TN:
SF:app\viewMealEvents.tsx
FN:5,ViewMealEvents
FNF:1
FNH:0
FNDA:0,ViewMealEvents
DA:6,0
LF:1
LH:0
BRF:0
BRH:0
end_of_record
TN:
SF:assets\styles\styles.tsx
FNF:0
FNH:0
DA:3,1
LF:1
LH:1
BRF:0
BRH:0
end_of_record
TN:
SF:backend\omniplanner\build\reports\jacoco\test\html\jacoco-resources\prettify.js
FN:93,(anonymous_0)
FN:97,(anonymous_1)
FN:102,(anonymous_2)
FN:194,(anonymous_3)
FN:229,attribToHtml
FN:237,textToHtml
FN:251,htmlToText
FN:283,isRawContent
FN:291,isPreformatted
FN:308,normalizedHtml
FN:320,(anonymous_10)
FN:354,combinePrefixPatterns
FN:371,decodeEscape
FN:390,encodeEscape
FN:401,caseFoldCharset
FN:447,(anonymous_15)
FN:474,allowAnywhereFoldCaseAndRenumberGroups
FN:553,(anonymous_17)
FN:576,getInnerHtml
FN:613,makeTabExpander
FN:617,(anonymous_20)
FN:675,extractTags
FN:738,isNoCodeTag
FN:753,appendDecorations
FN:809,createSimpleLexer
FN:812,(anonymous_25)
FN:849,(anonymous_26)
FN:953,sourceDecorator
FN:1068,recombineTagsAndDecorations
FN:1122,(anonymous_29)
FN:1135,emitTextUpTo
FN:1226,registerLangHandler
FN:1236,langHandlerForExtension
FN:1336,applyDecorator
FN:1369,prettyPrintOne
FN:1378,prettyPrint
FN:1379,byTagName
FN:1392,(anonymous_37)
FN:1400,doWork
FN:1452,replaceWithPrettyPrintedHtml
FNF:40
FNH:0
FNDA:0,(anonymous_0)
FNDA:0,(anonymous_1)
FNDA:0,(anonymous_2)
FNDA:0,(anonymous_3)
FNDA:0,attribToHtml
FNDA:0,textToHtml
FNDA:0,htmlToText
FNDA:0,isRawContent
FNDA:0,isPreformatted
FNDA:0,normalizedHtml
FNDA:0,(anonymous_10)
FNDA:0,combinePrefixPatterns
FNDA:0,decodeEscape
FNDA:0,encodeEscape
FNDA:0,caseFoldCharset
FNDA:0,(anonymous_15)
FNDA:0,allowAnywhereFoldCaseAndRenumberGroups
FNDA:0,(anonymous_17)
FNDA:0,getInnerHtml
FNDA:0,makeTabExpander
FNDA:0,(anonymous_20)
FNDA:0,extractTags
FNDA:0,isNoCodeTag
FNDA:0,appendDecorations
FNDA:0,createSimpleLexer
FNDA:0,(anonymous_25)
FNDA:0,(anonymous_26)
FNDA:0,sourceDecorator
FNDA:0,recombineTagsAndDecorations
FNDA:0,(anonymous_29)
FNDA:0,emitTextUpTo
FNDA:0,registerLangHandler
FNDA:0,langHandlerForExtension
FNDA:0,applyDecorator
FNDA:0,prettyPrintOne
FNDA:0,prettyPrint
FNDA:0,byTagName
FNDA:0,(anonymous_37)
FNDA:0,doWork
FNDA:0,replaceWithPrettyPrintedHtml
DA:63,0
DA:66,0
DA:72,0
DA:93,0
DA:94,0
DA:96,0
DA:97,0
DA:98,0
DA:102,0
DA:105,0
DA:106,0
DA:109,0
DA:111,0
DA:116,0
DA:120,0
DA:125,0
DA:128,0
DA:131,0
DA:135,0
DA:138,0
DA:141,0
DA:146,0
DA:148,0
DA:150,0
DA:152,0
DA:154,0
DA:156,0
DA:158,0
DA:161,0
DA:163,0
DA:165,0
DA:167,0
DA:169,0
DA:175,0
DA:194,0
DA:195,0
DA:207,0
DA:208,0
DA:209,0
DA:211,0
DA:212,0
DA:224,0
DA:225,0
DA:226,0
DA:227,0
DA:230,0
DA:238,0
DA:244,0
DA:245,0
DA:246,0
DA:247,0
DA:248,0
DA:249,0
DA:252,0
DA:253,0
DA:257,0
DA:258,0
DA:259,0
DA:260,0
DA:261,0
DA:262,0
DA:263,0
DA:264,0
DA:266,0
DA:267,0
DA:268,0
DA:274,0
DA:284,0
DA:287,0
DA:294,0
DA:295,0
DA:296,0
DA:298,0
DA:299,0
DA:300,0
DA:303,0
DA:305,0
DA:309,0
DA:311,0
DA:313,0
DA:314,0
DA:315,0
DA:316,0
DA:317,0
DA:318,0
DA:319,0
DA:320,0
DA:321,0
DA:323,0
DA:325,0
DA:326,0
DA:327,0
DA:328,0
DA:332,0
DA:333,0
DA:334,0
DA:336,0
DA:337,0
DA:339,0
DA:341,0
DA:342,0
DA:355,0
DA:357,0
DA:358,0
DA:359,0
DA:360,0
DA:361,0
DA:362,0
DA:363,0
DA:365,0
DA:366,0
DA:367,0
DA:372,0
DA:373,0
DA:374,0
DA:375,0
DA:376,0
DA:377,0
DA:378,0
DA:379,0
DA:381,0
DA:385,0
DA:386,0
DA:391,0
DA:392,0
DA:394,0
DA:395,0
DA:396,0
DA:398,0
DA:402,0
DA:412,0
DA:413,0
DA:414,0
DA:415,0
DA:416,0
DA:417,0
DA:422,0
DA:423,0
DA:425,0
DA:427,0
DA:428,0
DA:429,0
DA:431,0
DA:433,0
DA:435,0
DA:436,0
DA:437,0
DA:439,0
DA:440,0
DA:447,0
DA:448,0
DA:449,0
DA:450,0
DA:451,0
DA:452,0
DA:453,0
DA:455,0
DA:459,0
DA:460,0
DA:461,0
DA:462,0
DA:463,0
DA:464,0
DA:465,0
DA:466,0
DA:467,0
DA:470,0
DA:471,0
DA:478,0
DA:491,0
DA:496,0
DA:500,0
DA:501,0
DA:502,0
DA:504,0
DA:505,0
DA:506,0
DA:507,0
DA:508,0
DA:515,0
DA:516,0
DA:517,0
DA:520,0
DA:521,0
DA:522,0
DA:523,0
DA:524,0
DA:525,0
DA:527,0
DA:528,0
DA:529,0
DA:530,0
DA:537,0
DA:538,0
DA:543,0
DA:544,0
DA:545,0
DA:546,0
DA:547,0
DA:548,0
DA:549,0
DA:551,0
DA:554,0
DA:555,0
DA:561,0
DA:564,0
DA:565,0
DA:566,0
DA:567,0
DA:568,0
DA:572,0
DA:575,0
DA:580,0
DA:581,0
DA:582,0
DA:584,0
DA:587,0
DA:588,0
DA:590,0
DA:591,0
DA:592,0
DA:593,0
DA:596,0
DA:599,0
DA:600,0
DA:601,0
DA:603,0
DA:614,0
DA:615,0
DA:617,0
DA:621,0
DA:622,0
DA:623,0
DA:624,0
DA:626,0
DA:628,0
DA:629,0
DA:634,0
DA:635,0
DA:636,0
DA:637,0
DA:639,0
DA:640,0
DA:642,0
DA:643,0
DA:645,0
DA:648,0
DA:649,0
DA:650,0
DA:654,0
DA:662,0
DA:663,0
DA:664,0
DA:665,0
DA:679,0
DA:680,0
DA:681,0
DA:682,0
DA:683,0
DA:684,0
DA:685,0
DA:686,0
DA:687,0
DA:688,0
DA:690,0
DA:691,0
DA:692,0
DA:695,0
DA:696,0
DA:698,0
DA:702,0
DA:703,0
DA:705,0
DA:706,0
DA:707,0
DA:708,0
DA:709,0
DA:710,0
DA:712,0
DA:716,0
DA:717,0
DA:719,0
DA:721,0
DA:724,0
DA:728,0
DA:729,0
DA:730,0
DA:734,0
DA:739,0
DA:754,0
DA:755,0
DA:759,0
DA:760,0
DA:810,0
DA:812,0
DA:813,0
DA:814,0
DA:815,0
DA:816,0
DA:817,0
DA:818,0
DA:819,0
DA:820,0
DA:821,0
DA:824,0
DA:825,0
DA:826,0
DA:827,0
DA:828,0
DA:831,0
DA:832,0
DA:835,0
DA:836,0
DA:849,0
DA:850,0
DA:856,0
DA:857,0
DA:858,0
DA:859,0
DA:861,0
DA:862,0
DA:863,0
DA:864,0
DA:867,0
DA:868,0
DA:870,0
DA:871,0
DA:872,0
DA:873,0
DA:875,0
DA:876,0
DA:877,0
DA:878,0
DA:879,0
DA:880,0
DA:884,0
DA:885,0
DA:889,0
DA:890,0
DA:891,0
DA:892,0
DA:895,0
DA:898,0
DA:899,0
DA:901,0
DA:902,0
DA:904,0
DA:905,0
DA:906,0
DA:907,0
DA:911,0
DA:912,0
DA:914,0
DA:916,0
DA:921,0
DA:927,0
DA:933,0
DA:935,0
DA:954,0
DA:955,0
DA:957,0
DA:960,0
DA:962,0
DA:967,0
DA:972,0
DA:974,0
DA:977,0
DA:978,0
DA:980,0
DA:983,0
DA:988,0
DA:991,0
DA:992,0
DA:993,0
DA:996,0
DA:1001,0
DA:1010,0
DA:1016,0
DA:1017,0
DA:1018,0
DA:1023,0
DA:1024,0
DA:1044,0
DA:1047,0
DA:1069,0
DA:1070,0
DA:1071,0
DA:1073,0
DA:1075,0
DA:1077,0
DA:1078,0
DA:1079,0
DA:1080,0
DA:1081,0
DA:1083,0
DA:1084,0
DA:1085,0
DA:1086,0
DA:1087,0
DA:1090,0
DA:1092,0
DA:1108,0
DA:1110,0
DA:1111,0
DA:1112,0
DA:1113,0
DA:1115,0
DA:1117,0
DA:1118,0
DA:1119,0
DA:1121,0
DA:1122,0
DA:1123,0
DA:1126,0
DA:1130,0
DA:1136,0
DA:1137,0
DA:1139,0
DA:1140,0
DA:1142,0
DA:1143,0
DA:1144,0
DA:1153,0
DA:1160,0
DA:1161,0
DA:1162,0
DA:1166,0
DA:1170,0
DA:1171,0
DA:1175,0
DA:1177,0
DA:1180,0
DA:1183,0
DA:1184,0
DA:1185,0
DA:1187,0
DA:1188,0
DA:1190,0
DA:1191,0
DA:1192,0
DA:1193,0
DA:1194,0
DA:1195,0
DA:1197,0
DA:1200,0
DA:1201,0
DA:1202,0
DA:1204,0
DA:1205,0
DA:1209,0
DA:1227,0
DA:1228,0
DA:1229,0
DA:1230,0
DA:1231,0
DA:1232,0
DA:1237,0
DA:1240,0
DA:1244,0
DA:1246,0
DA:1247,0
DA:1266,0
DA:1285,0
DA:1287,0
DA:1292,0
DA:1295,0
DA:1301,0
DA:1305,0
DA:1310,0
DA:1316,0
DA:1322,0
DA:1328,0
DA:1333,0
DA:1337,0
DA:1338,0
DA:1341,0
DA:1343,0
DA:1345,0
DA:1347,0
DA:1348,0
DA:1349,0
DA:1355,0
DA:1358,0
DA:1361,0
DA:1363,0
DA:1364,0
DA:1370,0
DA:1374,0
DA:1375,0
DA:1379,0
DA:1381,0
DA:1382,0
DA:1383,0
DA:1384,0
DA:1385,0
DA:1388,0
DA:1390,0
DA:1391,0
DA:1392,0
DA:1397,0
DA:1401,0
DA:1404,0
DA:1405,0
DA:1407,0
DA:1413,0
DA:1414,0
DA:1417,0
DA:1418,0
DA:1419,0
DA:1423,0
DA:1424,0
DA:1427,0
DA:1430,0
DA:1431,0
DA:1434,0
DA:1439,0
DA:1440,0
DA:1444,0
DA:1446,0
DA:1447,0
DA:1448,0
DA:1453,0
DA:1454,0
DA:1455,0
DA:1458,0
DA:1460,0
DA:1465,0
DA:1466,0
DA:1467,0
DA:1468,0
DA:1469,0
DA:1470,0
DA:1471,0
DA:1473,0
DA:1477,0
DA:1480,0
DA:1481,0
DA:1485,0
DA:1488,0
DA:1489,0
DA:1490,0
DA:1491,0
LF:542
LH:0
BRDA:94,0,0,0
BRDA:94,0,1,0
BRDA:94,0,2,0
BRDA:96,1,0,0
BRDA:96,1,1,0
BRDA:253,2,0,0
BRDA:253,2,1,0
BRDA:259,3,0,0
BRDA:259,3,1,0
BRDA:262,4,0,0
BRDA:262,4,1,0
BRDA:262,5,0,0
BRDA:262,5,1,0
BRDA:267,6,0,0
BRDA:267,6,1,0
BRDA:294,7,0,0
BRDA:294,7,1,0
BRDA:295,8,0,0
BRDA:295,8,1,0
BRDA:298,9,0,0
BRDA:298,9,1,0
BRDA:300,10,0,0
BRDA:300,10,1,0
BRDA:305,11,0,0
BRDA:305,11,1,0
BRDA:309,12,0,0
BRDA:309,12,1,0
BRDA:309,12,2,0
BRDA:316,13,0,0
BRDA:316,13,1,0
BRDA:317,14,0,0
BRDA:317,14,1,0
BRDA:321,15,0,0
BRDA:321,15,1,0
BRDA:321,16,0,0
BRDA:321,16,1,0
BRDA:327,17,0,0
BRDA:327,17,1,0
BRDA:336,18,0,0
BRDA:336,18,1,0
BRDA:336,19,0,0
BRDA:336,19,1,0
BRDA:361,20,0,0
BRDA:361,20,1,0
BRDA:363,21,0,0
BRDA:363,21,1,0
BRDA:372,22,0,0
BRDA:372,22,1,0
BRDA:373,23,0,0
BRDA:373,23,1,0
BRDA:373,23,2,0
BRDA:373,23,3,0
BRDA:373,23,4,0
BRDA:373,23,5,0
BRDA:373,23,6,0
BRDA:373,23,7,0
BRDA:373,23,8,0
BRDA:373,23,9,0
BRDA:373,23,10,0
BRDA:373,23,11,0
BRDA:373,23,12,0
BRDA:373,23,13,0
BRDA:373,23,14,0
BRDA:373,23,15,0
BRDA:373,23,16,0
BRDA:381,24,0,0
BRDA:381,24,1,0
BRDA:391,25,0,0
BRDA:391,25,1,0
BRDA:392,26,0,0
BRDA:392,26,1,0
BRDA:395,27,0,0
BRDA:395,27,1,0
BRDA:395,28,0,0
BRDA:395,28,1,0
BRDA:395,28,2,0
BRDA:395,28,3,0
BRDA:415,29,0,0
BRDA:415,29,1,0
BRDA:417,30,0,0
BRDA:417,30,1,0
BRDA:417,30,2,0
BRDA:417,30,3,0
BRDA:417,30,4,0
BRDA:417,30,5,0
BRDA:417,30,6,0
BRDA:417,30,7,0
BRDA:427,31,0,0
BRDA:427,31,1,0
BRDA:427,32,0,0
BRDA:427,32,1,0
BRDA:435,33,0,0
BRDA:435,33,1,0
BRDA:435,34,0,0
BRDA:435,34,1,0
BRDA:436,35,0,0
BRDA:436,35,1,0
BRDA:436,36,0,0
BRDA:436,36,1,0
BRDA:439,37,0,0
BRDA:439,37,1,0
BRDA:439,38,0,0
BRDA:439,38,1,0
BRDA:447,39,0,0
BRDA:447,39,1,0
BRDA:452,40,0,0
BRDA:452,40,1,0
BRDA:460,41,0,0
BRDA:460,41,1,0
BRDA:465,42,0,0
BRDA:465,42,1,0
BRDA:466,43,0,0
BRDA:466,43,1,0
BRDA:502,44,0,0
BRDA:502,44,1,0
BRDA:505,45,0,0
BRDA:505,45,1,0
BRDA:507,46,0,0
BRDA:507,46,1,0
BRDA:507,47,0,0
BRDA:507,47,1,0
BRDA:516,48,0,0
BRDA:516,48,1,0
BRDA:522,49,0,0
BRDA:522,49,1,0
BRDA:524,50,0,0
BRDA:524,50,1,0
BRDA:527,51,0,0
BRDA:527,51,1,0
BRDA:529,52,0,0
BRDA:529,52,1,0
BRDA:529,53,0,0
BRDA:529,53,1,0
BRDA:538,54,0,0
BRDA:538,54,1,0
BRDA:538,55,0,0
BRDA:538,55,1,0
BRDA:543,56,0,0
BRDA:543,56,1,0
BRDA:543,57,0,0
BRDA:543,57,1,0
BRDA:547,58,0,0
BRDA:547,58,1,0
BRDA:547,59,0,0
BRDA:547,59,1,0
BRDA:549,60,0,0
BRDA:549,60,1,0
BRDA:567,61,0,0
BRDA:567,61,1,0
BRDA:567,62,0,0
BRDA:567,62,1,0
BRDA:572,63,0,0
BRDA:572,63,1,0
BRDA:580,64,0,0
BRDA:580,64,1,0
BRDA:587,65,0,0
BRDA:587,65,1,0
BRDA:590,66,0,0
BRDA:590,66,1,0
BRDA:592,67,0,0
BRDA:592,67,1,0
BRDA:626,68,0,0
BRDA:626,68,1,0
BRDA:626,68,2,0
BRDA:628,69,0,0
BRDA:628,69,1,0
BRDA:648,70,0,0
BRDA:648,70,1,0
BRDA:683,71,0,0
BRDA:683,71,1,0
BRDA:686,72,0,0
BRDA:686,72,1,0
BRDA:686,73,0,0
BRDA:686,73,1,0
BRDA:687,74,0,0
BRDA:687,74,1,0
BRDA:688,75,0,0
BRDA:688,75,1,0
BRDA:692,76,0,0
BRDA:692,76,1,0
BRDA:698,77,0,0
BRDA:698,77,1,0
BRDA:698,78,0,0
BRDA:698,78,1,0
BRDA:708,79,0,0
BRDA:708,79,1,0
BRDA:708,80,0,0
BRDA:708,80,1,0
BRDA:709,81,0,0
BRDA:709,81,1,0
BRDA:710,82,0,0
BRDA:710,82,1,0
BRDA:716,83,0,0
BRDA:716,83,1,0
BRDA:754,84,0,0
BRDA:754,84,1,0
BRDA:819,85,0,0
BRDA:819,85,1,0
BRDA:826,86,0,0
BRDA:826,86,1,0
BRDA:858,87,0,0
BRDA:858,87,1,0
BRDA:867,88,0,0
BRDA:867,88,1,0
BRDA:871,89,0,0
BRDA:871,89,1,0
BRDA:878,90,0,0
BRDA:878,90,1,0
BRDA:884,91,0,0
BRDA:884,91,1,0
BRDA:889,92,0,0
BRDA:889,92,1,0
BRDA:890,93,0,0
BRDA:890,93,1,0
BRDA:890,94,0,0
BRDA:890,94,1,0
BRDA:890,95,0,0
BRDA:890,95,1,0
BRDA:895,96,0,0
BRDA:895,96,1,0
BRDA:901,97,0,0
BRDA:901,97,1,0
BRDA:907,98,0,0
BRDA:907,98,1,0
BRDA:955,99,0,0
BRDA:955,99,1,0
BRDA:960,100,0,0
BRDA:960,100,1,0
BRDA:972,101,0,0
BRDA:972,101,1,0
BRDA:977,102,0,0
BRDA:977,102,1,0
BRDA:978,103,0,0
BRDA:978,103,1,0
BRDA:991,104,0,0
BRDA:991,104,1,0
BRDA:996,105,0,0
BRDA:996,105,1,0
BRDA:1017,106,0,0
BRDA:1017,106,1,0
BRDA:1092,107,0,0
BRDA:1092,107,1,0
BRDA:1093,108,0,0
BRDA:1093,108,1,0
BRDA:1098,109,0,0
BRDA:1098,109,1,0
BRDA:1099,110,0,0
BRDA:1099,110,1,0
BRDA:1110,111,0,0
BRDA:1110,111,1,0
BRDA:1115,112,0,0
BRDA:1115,112,1,0
BRDA:1115,113,0,0
BRDA:1115,113,1,0
BRDA:1118,114,0,0
BRDA:1118,114,1,0
BRDA:1126,115,0,0
BRDA:1126,115,1,0
BRDA:1136,116,0,0
BRDA:1136,116,1,0
BRDA:1137,117,0,0
BRDA:1137,117,1,0
BRDA:1137,118,0,0
BRDA:1137,118,1,0
BRDA:1142,119,0,0
BRDA:1142,119,1,0
BRDA:1142,120,0,0
BRDA:1142,120,1,0
BRDA:1155,121,0,0
BRDA:1155,121,1,0
BRDA:1170,122,0,0
BRDA:1170,122,1,0
BRDA:1171,123,0,0
BRDA:1171,123,1,0
BRDA:1183,124,0,0
BRDA:1183,124,1,0
BRDA:1185,125,0,0
BRDA:1185,125,1,0
BRDA:1192,126,0,0
BRDA:1192,126,1,0
BRDA:1201,127,0,0
BRDA:1201,127,1,0
BRDA:1204,128,0,0
BRDA:1204,128,1,0
BRDA:1229,129,0,0
BRDA:1229,129,1,0
BRDA:1231,130,0,0
BRDA:1231,130,1,0
BRDA:1237,131,0,0
BRDA:1237,131,1,0
BRDA:1237,132,0,0
BRDA:1237,132,1,0
BRDA:1240,133,0,0
BRDA:1240,133,1,0
BRDA:1363,134,0,0
BRDA:1363,134,1,0
BRDA:1364,135,0,0
BRDA:1364,135,1,0
BRDA:1364,136,0,0
BRDA:1364,136,1,0
BRDA:1391,137,0,0
BRDA:1391,137,1,0
BRDA:1401,138,0,0
BRDA:1401,138,1,0
BRDA:1404,139,0,0
BRDA:1404,139,1,0
BRDA:1407,140,0,0
BRDA:1407,140,1,0
BRDA:1407,141,0,0
BRDA:1407,141,1,0
BRDA:1414,142,0,0
BRDA:1414,142,1,0
BRDA:1419,143,0,0
BRDA:1419,143,1,0
BRDA:1419,144,0,0
BRDA:1419,144,1,0
BRDA:1419,144,2,0
BRDA:1419,144,3,0
BRDA:1419,144,4,0
BRDA:1427,145,0,0
BRDA:1427,145,1,0
BRDA:1444,146,0,0
BRDA:1444,146,1,0
BRDA:1447,147,0,0
BRDA:1447,147,1,0
BRDA:1454,148,0,0
BRDA:1454,148,1,0
BRDA:1458,149,0,0
BRDA:1458,149,1,0
BRDA:1468,150,0,0
BRDA:1468,150,1,0
BRDA:1470,151,0,0
BRDA:1470,151,1,0
BRF:333
BRH:0
end_of_record
TN:
SF:backend\omniplanner\build\reports\jacoco\test\html\jacoco-resources\sort.js
FN:14,(anonymous_0)
FN:23,initialSort
FN:49,toggleSort
FN:57,sortColumn
FN:93,setHash
FN:104,setHashOnAllLinks
FN:120,getNodePosition
FN:132,resetSortedStyle
FNF:8
FNH:0
FNDA:0,(anonymous_0)
FNDA:0,initialSort
FNDA:0,toggleSort
FNDA:0,sortColumn
FNDA:0,setHash
FNDA:0,setHashOnAllLinks
FNDA:0,getNodePosition
FNDA:0,resetSortedStyle
DA:14,0
DA:24,0
DA:25,0
DA:26,0
DA:27,0
DA:28,0
DA:29,0
DA:30,0
DA:31,0
DA:33,0
DA:35,0
DA:36,0
DA:37,0
DA:38,0
DA:39,0
DA:41,0
DA:50,0
DA:51,0
DA:58,0
DA:59,0
DA:60,0
DA:62,0
DA:64,0
DA:65,0
DA:66,0
DA:67,0
DA:68,0
DA:73,0
DA:74,0
DA:75,0
DA:77,0
DA:78,0
DA:80,0
DA:81,0
DA:83,0
DA:84,0
DA:87,0
DA:94,0
DA:95,0
DA:96,0
DA:97,0
DA:105,0
DA:106,0
DA:107,0
DA:108,0
DA:109,0
DA:110,0
DA:111,0
DA:113,0
DA:121,0
DA:122,0
DA:123,0
DA:124,0
DA:126,0
DA:133,0
DA:134,0
DA:135,0
DA:136,0
DA:138,0
DA:139,0
DA:145,0
DA:146,0
LF:62
LH:0
BRDA:26,0,0,0
BRDA:26,0,1,0
BRDA:28,1,0,0
BRDA:28,1,1,0
BRDA:30,2,0,0
BRDA:30,2,1,0
BRDA:36,3,0,0
BRDA:36,3,1,0
BRDA:38,4,0,0
BRDA:38,4,1,0
BRDA:73,5,0,0
BRDA:73,5,1,0
BRDA:110,6,0,0
BRDA:110,6,1,0
BRDA:134,7,0,0
BRDA:134,7,1,0
BRDA:135,8,0,0
BRDA:135,8,1,0
BRDA:138,9,0,0
BRDA:138,9,1,0
BRF:20
BRH:0
end_of_record
TN:
SF:backend\omniplanner\build\reports\tests\test\js\report.js
FN:1,(anonymous_0)
FN:6,changeElementClass
FN:14,getClassAttribute
FN:22,addClass
FN:26,removeClass
FN:30,initTabs
FN:43,getCheckBox
FN:47,getLabelForCheckBox
FN:51,findCodeBlocks
FN:62,forAllCodeBlocks
FN:70,toggleLineWrapping
FN:80,initControls
FN:92,switchTab
FN:105,select
FN:121,deselectAll
FN:141,findTabs
FN:145,findHeaders
FN:150,findTitles
FN:169,findChildElements
FN:190,(anonymous_19)
FNF:20
FNH:0
FNDA:0,(anonymous_0)
FNDA:0,changeElementClass
FNDA:0,getClassAttribute
FNDA:0,addClass
FNDA:0,removeClass
FNDA:0,initTabs
FNDA:0,getCheckBox
FNDA:0,getLabelForCheckBox
FNDA:0,findCodeBlocks
FNDA:0,forAllCodeBlocks
FNDA:0,toggleLineWrapping
FNDA:0,initControls
FNDA:0,switchTab
FNDA:0,select
FNDA:0,deselectAll
FNDA:0,findTabs
FNDA:0,findHeaders
FNDA:0,findTitles
FNDA:0,findChildElements
FNDA:0,(anonymous_19)
DA:1,0
DA:4,0
DA:7,0
DA:8,0
DA:10,0
DA:15,0
DA:16,0
DA:18,0
DA:23,0
DA:27,0
DA:31,0
DA:33,0
DA:34,0
DA:35,0
DA:36,0
DA:37,0
DA:38,0
DA:40,0
DA:44,0
DA:48,0
DA:52,0
DA:53,0
DA:54,0
DA:55,0
DA:56,0
DA:59,0
DA:63,0
DA:65,0
DA:66,0
DA:71,0
DA:73,0
DA:74,0
DA:76,0
DA:81,0
DA:82,0
DA:83,0
DA:85,0
DA:86,0
DA:88,0
DA:93,0
DA:95,0
DA:96,0
DA:97,0
DA:98,0
DA:102,0
DA:106,0
DA:108,0
DA:109,0
DA:111,0
DA:112,0
DA:115,0
DA:117,0
DA:118,0
DA:122,0
DA:123,0
DA:124,0
DA:126,0
DA:127,0
DA:130,0
DA:132,0
DA:133,0
DA:134,0
DA:135,0
DA:137,0
DA:142,0
DA:146,0
DA:147,0
DA:151,0
DA:153,0
DA:154,0
DA:155,0
DA:157,0
DA:159,0
DA:160,0
DA:162,0
DA:166,0
DA:170,0
DA:171,0
DA:173,0
DA:174,0
DA:176,0
DA:177,0
DA:178,0
DA:181,0
DA:185,0
DA:190,0
DA:191,0
DA:192,0
LF:88
LH:0
BRDA:7,0,0,0
BRDA:7,0,1,0
BRDA:15,1,0,0
BRDA:15,1,1,0
BRDA:55,2,0,0
BRDA:55,2,1,0
BRDA:73,3,0,0
BRDA:73,3,1,0
BRDA:81,4,0,0
BRDA:81,4,1,0
BRDA:96,5,0,0
BRDA:96,5,1,0
BRDA:159,6,0,0
BRDA:159,6,1,0
BRDA:176,7,0,0
BRDA:176,7,1,0
BRDA:176,8,0,0
BRDA:176,8,1,0
BRDA:177,9,0,0
BRDA:177,9,1,0
BRDA:177,10,0,0
BRDA:177,10,1,0
BRF:22
BRH:0
end_of_record
TN:
SF:components\Types.tsx
FNF:0
FNH:0
LF:0
LH:0
BRF:0
BRH:0
end_of_record
TN:
SF:components\apiCall.tsx
FN:5,(anonymous_0)
FN:23,(anonymous_1)
FNF:2
FNH:0
FNDA:0,(anonymous_0)
FNDA:0,(anonymous_1)
DA:5,0
DA:6,0
DA:7,0
DA:9,0
DA:10,0
DA:16,0
DA:18,0
DA:19,0
DA:23,0
DA:24,0
DA:26,0
DA:27,0
DA:33,0
DA:35,0
DA:36,0
LF:15
LH:0
BRDA:14,0,0,0
BRDA:14,0,1,0
BRDA:31,1,0,0
BRDA:31,1,1,0
BRF:4
BRH:0
end_of_record
TN:
SF:components\log.tsx
FN:8,(anonymous_0)
FNF:1
FNH:1
FNDA:24,(anonymous_0)
DA:1,1
DA:2,1
DA:8,1
DA:9,24
DA:10,0
LF:5
LH:4
BRDA:8,0,0,0
BRDA:9,1,0,0
BRDA:9,1,1,24
BRDA:9,2,0,24
BRDA:9,2,1,0
BRF:5
BRH:2
end_of_record
TN:
SF:components\navigation\TabBarIcon.tsx
FN:7,TabBarIcon
FNF:1
FNH:0
FNDA:0,TabBarIcon
DA:8,0
LF:1
LH:0
BRF:0
BRH:0
end_of_record
TN:
SF:constants\Colors.ts
FNF:0
FNH:0
DA:6,0
DA:7,0
DA:9,0
LF:3
LH:0
BRF:0
BRH:0
end_of_record
TN:
SF:constants\constants.tsx
FN:13,(anonymous_0)
FN:22,(anonymous_1)
FN:37,(anonymous_2)
FN:52,(anonymous_3)
FNF:4
FNH:0
FNDA:0,(anonymous_0)
FNDA:0,(anonymous_1)
FNDA:0,(anonymous_2)
FNDA:0,(anonymous_3)
DA:4,0
DA:6,0
DA:13,0
DA:14,0
DA:16,0
DA:17,0
DA:18,0
DA:19,0
DA:22,0
DA:23,0
DA:25,0
DA:27,0
DA:29,0
DA:31,0
DA:33,0
DA:37,0
DA:38,0
DA:40,0
DA:42,0
DA:44,0
DA:46,0
DA:48,0
DA:52,0
DA:53,0
DA:55,0
DA:57,0
DA:59,0
DA:61,0
DA:63,0
DA:68,0
DA:76,0
DA:83,0
DA:91,0
LF:33
LH:0
BRDA:23,0,0,0
BRDA:23,0,1,0
BRDA:23,0,2,0
BRDA:23,0,3,0
BRDA:23,0,4,0
BRDA:38,1,0,0
BRDA:38,1,1,0
BRDA:38,1,2,0
BRDA:38,1,3,0
BRDA:38,1,4,0
BRDA:53,2,0,0
BRDA:53,2,1,0
BRDA:53,2,2,0
BRDA:53,2,3,0
BRDA:53,2,4,0
BRF:15
BRH:0
end_of_record
TN:
SF:hooks\useAlert.ts
FN:12,(anonymous_0)
FN:19,(anonymous_1)
FN:22,(anonymous_2)
FN:27,(anonymous_3)
FN:39,(anonymous_4)
FN:40,(anonymous_5)
FNF:6
FNH:2
FNDA:14,(anonymous_0)
FNDA:0,(anonymous_1)
FNDA:2,(anonymous_2)
FNDA:0,(anonymous_3)
FNDA:0,(anonymous_4)
FNDA:0,(anonymous_5)
DA:12,1
DA:13,14
DA:22,14
DA:29,2
DA:39,14
DA:40,0
DA:46,14
LF:7
LH:6
BRDA:27,0,0,2
BRF:1
BRH:1
end_of_record
TN:
SF:hooks\useColorScheme.ts
FNF:0
FNH:0
LF:0
LH:0
BRF:0
BRH:0
end_of_record
TN:
SF:hooks\useColorScheme.web.ts
FN:6,useColorScheme
FNF:1
FNH:0
FNDA:0,useColorScheme
DA:7,0
LF:1
LH:0
BRF:0
BRH:0
end_of_record
TN:
SF:hooks\useThemeColor.ts
FN:10,useThemeColor
FNF:1
FNH:0
FNDA:0,useThemeColor
DA:14,0
DA:15,0
DA:17,0
DA:18,0
DA:20,0
LF:5
LH:0
BRDA:14,0,0,0
BRDA:14,0,1,0
BRDA:17,1,0,0
BRDA:17,1,1,0
BRF:4
BRH:0
end_of_record
